{"uuid":"73ee23fc-a76e-4b9c-9dbb-bd371f9aef68","historyId":"80d5b2d9ad1ce51a48b77fb2f049739","fullName":"As a user, I want to check cart details: verify product deleted from the cart","labels":[{"name":"tag","value":"cart-remove"},{"name":"host","value":"DESKTOP-GIUSK42"},{"name":"thread","value":"60664@DESKTOP-GIUSK42.main(1)"},{"name":"feature","value":"As a user, I want to check cart details"},{"name":"story","value":"verify product deleted from the cart"},{"name":"suite","value":"As a user, I want to check cart details"},{"name":"testClass","value":"verify product deleted from the cart"},{"name":"framework","value":"cucumber4jvm"},{"name":"language","value":"java"},{"name":"gherkin_uri","value":"file:///E:/Workspace/SBAFramework/src/test/resources/features/shoppingCart.feature"},{"name":"package","value":"src.test.resources.features.shoppingCart_feature.As a user, I want to check cart details"}],"links":[],"name":"verify product deleted from the cart","status":"failed","statusDetails":{"known":false,"muted":false,"flaky":false,"message":"stale element reference: element is not attached to the page document\n  (Session info: headless chrome=109.0.5414.120)\nFor documentation on this error, please visit: https://selenium.dev/exceptions/#stale_element_reference\nBuild info: version: '4.8.0', revision: '267030adea'\nSystem info: os.name: 'Windows 10', os.arch: 'amd64', os.version: '10.0', java.version: '17.0.4'\nDriver info: org.openqa.selenium.chrome.ChromeDriver\nCommand: [232ef37832133bed06e61956165ff76e, isElementDisplayed {id=b7107ba1-aea6-4ecc-b04c-188bac2c5006}]\nCapabilities {acceptInsecureCerts: false, browserName: chrome, browserVersion: 109.0.5414.120, chrome: {chromedriverVersion: 109.0.5414.74 (e7c5703604da..., userDataDir: C:\\Users\\Sai\\AppData\\Local\\...}, goog:chromeOptions: {debuggerAddress: localhost:50124}, networkConnectionEnabled: false, pageLoadStrategy: normal, platformName: WINDOWS, proxy: Proxy(), se:cdp: ws://localhost:50124/devtoo..., se:cdpVersion: 109.0.5414.120, setWindowRect: true, strictFileInteractability: false, timeouts: {implicit: 0, pageLoad: 300000, script: 30000}, unhandledPromptBehavior: dismiss and notify, webauthn:extension:credBlob: true, webauthn:extension:largeBlob: true, webauthn:virtualAuthenticators: true}\nElement: [[ChromeDriver: chrome on WINDOWS (232ef37832133bed06e61956165ff76e)] -> xpath: //div[@data-name='Active Items']//div[@class='sc-item-content-group']//input[@value='Delete']]\nSession ID: 232ef37832133bed06e61956165ff76e","trace":"java.lang.AssertionError: stale element reference: element is not attached to the page document\n  (Session info: headless chrome=109.0.5414.120)\nFor documentation on this error, please visit: https://selenium.dev/exceptions/#stale_element_reference\nBuild info: version: '4.8.0', revision: '267030adea'\nSystem info: os.name: 'Windows 10', os.arch: 'amd64', os.version: '10.0', java.version: '17.0.4'\nDriver info: org.openqa.selenium.chrome.ChromeDriver\nCommand: [232ef37832133bed06e61956165ff76e, isElementDisplayed {id=b7107ba1-aea6-4ecc-b04c-188bac2c5006}]\nCapabilities {acceptInsecureCerts: false, browserName: chrome, browserVersion: 109.0.5414.120, chrome: {chromedriverVersion: 109.0.5414.74 (e7c5703604da..., userDataDir: C:\\Users\\Sai\\AppData\\Local\\...}, goog:chromeOptions: {debuggerAddress: localhost:50124}, networkConnectionEnabled: false, pageLoadStrategy: normal, platformName: WINDOWS, proxy: Proxy(), se:cdp: ws://localhost:50124/devtoo..., se:cdpVersion: 109.0.5414.120, setWindowRect: true, strictFileInteractability: false, timeouts: {implicit: 0, pageLoad: 300000, script: 30000}, unhandledPromptBehavior: dismiss and notify, webauthn:extension:credBlob: true, webauthn:extension:largeBlob: true, webauthn:virtualAuthenticators: true}\nElement: [[ChromeDriver: chrome on WINDOWS (232ef37832133bed06e61956165ff76e)] -> xpath: //div[@data-name='Active Items']//div[@class='sc-item-content-group']//input[@value='Delete']]\nSession ID: 232ef37832133bed06e61956165ff76e\r\n\tat com.company.automation.selenium.SeleniumActions.waitForElementVisible(SeleniumActions.java:99)\r\n\tat com.company.automation.selenium.SeleniumActions.clickElement(SeleniumActions.java:77)\r\n\tat com.company.automation.pages.ShoppingCartPage.removeProductsFromCart(ShoppingCartPage.java:41)\r\n\tat com.company.automation.steps.ShoppingCartPageSteps.userRemoveProductsFromCart(ShoppingCartPageSteps.java:21)\r\n\tat ✽.user remove products from cart(file:///E:/Workspace/SBAFramework/src/test/resources/features/shoppingCart.feature:20)\r\n"},"stage":"finished","steps":[{"name":"Given  user open home page","status":"passed","statusDetails":{"known":false,"muted":false,"flaky":false},"stage":"finished","steps":[{"name":"Application [https://www.amazon.in/] opened successfully","status":"passed","stage":"finished","steps":[],"attachments":[],"parameters":[],"start":1674923757038,"stop":1674923757038}],"attachments":[],"parameters":[],"start":1674923744887,"stop":1674923757039},{"name":"When  user login to application","status":"passed","statusDetails":{"known":false,"muted":false,"flaky":false},"stage":"finished","steps":[{"name":"Element [ xpath: //a[@id='nav-link-accountList'] found successfully","status":"passed","stage":"finished","steps":[],"attachments":[],"parameters":[],"start":1674923757224,"stop":1674923757224},{"name":"Clicked on element [Proxy element for: DefaultElementLocator 'By.xpath: //a[@id='nav-link-accountList']'] successfully","status":"passed","stage":"finished","steps":[],"attachments":[],"parameters":[],"start":1674923758708,"stop":1674923758708},{"name":"Element [ id: ap_email] found successfully","status":"passed","stage":"finished","steps":[],"attachments":[],"parameters":[],"start":1674923758778,"stop":1674923758778},{"name":"Text [9923374848] entered into text box [ id: ap_email] successfully","status":"passed","stage":"finished","steps":[],"attachments":[],"parameters":[],"start":1674923758898,"stop":1674923758898},{"name":"Element [ id: continue] found successfully","status":"passed","stage":"finished","steps":[],"attachments":[],"parameters":[],"start":1674923758970,"stop":1674923758970},{"name":"Clicked on element [[[ChromeDriver: chrome on WINDOWS (232ef37832133bed06e61956165ff76e)] -> id: continue]] successfully","status":"passed","stage":"finished","steps":[],"attachments":[],"parameters":[],"start":1674923759807,"stop":1674923759808},{"name":"Element [ id: ap_password] found successfully","status":"passed","stage":"finished","steps":[],"attachments":[],"parameters":[],"start":1674923759879,"stop":1674923759879},{"name":"Text [ghatrai12!@] entered into text box [ id: ap_password] successfully","status":"passed","stage":"finished","steps":[],"attachments":[],"parameters":[],"start":1674923759982,"stop":1674923759982},{"name":"Element [ id: signInSubmit] found successfully","status":"passed","stage":"finished","steps":[],"attachments":[],"parameters":[],"start":1674923760071,"stop":1674923760071},{"name":"Clicked on element [[[ChromeDriver: chrome on WINDOWS (232ef37832133bed06e61956165ff76e)] -> id: signInSubmit]] successfully","status":"passed","stage":"finished","steps":[],"attachments":[],"parameters":[],"start":1674923763512,"stop":1674923763512}],"attachments":[],"parameters":[],"start":1674923757039,"stop":1674923763513},{"name":"And  User click on cart link","status":"passed","statusDetails":{"known":false,"muted":false,"flaky":false},"stage":"finished","steps":[{"name":"Element [ id: nav-cart-count-container] found successfully","status":"passed","stage":"finished","steps":[],"attachments":[],"parameters":[],"start":1674923763745,"stop":1674923763745},{"name":"Clicked on element [[[ChromeDriver: chrome on WINDOWS (232ef37832133bed06e61956165ff76e)] -> id: nav-cart-count-container]] successfully","status":"passed","stage":"finished","steps":[],"attachments":[],"parameters":[],"start":1674923767459,"stop":1674923767460}],"attachments":[],"parameters":[],"start":1674923763515,"stop":1674923767460},{"name":"And  user remove products from cart","status":"failed","statusDetails":{"known":false,"muted":false,"flaky":false,"message":"stale element reference: element is not attached to the page document\n  (Session info: headless chrome=109.0.5414.120)\nFor documentation on this error, please visit: https://selenium.dev/exceptions/#stale_element_reference\nBuild info: version: '4.8.0', revision: '267030adea'\nSystem info: os.name: 'Windows 10', os.arch: 'amd64', os.version: '10.0', java.version: '17.0.4'\nDriver info: org.openqa.selenium.chrome.ChromeDriver\nCommand: [232ef37832133bed06e61956165ff76e, isElementDisplayed {id=b7107ba1-aea6-4ecc-b04c-188bac2c5006}]\nCapabilities {acceptInsecureCerts: false, browserName: chrome, browserVersion: 109.0.5414.120, chrome: {chromedriverVersion: 109.0.5414.74 (e7c5703604da..., userDataDir: C:\\Users\\Sai\\AppData\\Local\\...}, goog:chromeOptions: {debuggerAddress: localhost:50124}, networkConnectionEnabled: false, pageLoadStrategy: normal, platformName: WINDOWS, proxy: Proxy(), se:cdp: ws://localhost:50124/devtoo..., se:cdpVersion: 109.0.5414.120, setWindowRect: true, strictFileInteractability: false, timeouts: {implicit: 0, pageLoad: 300000, script: 30000}, unhandledPromptBehavior: dismiss and notify, webauthn:extension:credBlob: true, webauthn:extension:largeBlob: true, webauthn:virtualAuthenticators: true}\nElement: [[ChromeDriver: chrome on WINDOWS (232ef37832133bed06e61956165ff76e)] -> xpath: //div[@data-name='Active Items']//div[@class='sc-item-content-group']//input[@value='Delete']]\nSession ID: 232ef37832133bed06e61956165ff76e","trace":"java.lang.AssertionError: stale element reference: element is not attached to the page document\n  (Session info: headless chrome=109.0.5414.120)\nFor documentation on this error, please visit: https://selenium.dev/exceptions/#stale_element_reference\nBuild info: version: '4.8.0', revision: '267030adea'\nSystem info: os.name: 'Windows 10', os.arch: 'amd64', os.version: '10.0', java.version: '17.0.4'\nDriver info: org.openqa.selenium.chrome.ChromeDriver\nCommand: [232ef37832133bed06e61956165ff76e, isElementDisplayed {id=b7107ba1-aea6-4ecc-b04c-188bac2c5006}]\nCapabilities {acceptInsecureCerts: false, browserName: chrome, browserVersion: 109.0.5414.120, chrome: {chromedriverVersion: 109.0.5414.74 (e7c5703604da..., userDataDir: C:\\Users\\Sai\\AppData\\Local\\...}, goog:chromeOptions: {debuggerAddress: localhost:50124}, networkConnectionEnabled: false, pageLoadStrategy: normal, platformName: WINDOWS, proxy: Proxy(), se:cdp: ws://localhost:50124/devtoo..., se:cdpVersion: 109.0.5414.120, setWindowRect: true, strictFileInteractability: false, timeouts: {implicit: 0, pageLoad: 300000, script: 30000}, unhandledPromptBehavior: dismiss and notify, webauthn:extension:credBlob: true, webauthn:extension:largeBlob: true, webauthn:virtualAuthenticators: true}\nElement: [[ChromeDriver: chrome on WINDOWS (232ef37832133bed06e61956165ff76e)] -> xpath: //div[@data-name='Active Items']//div[@class='sc-item-content-group']//input[@value='Delete']]\nSession ID: 232ef37832133bed06e61956165ff76e\r\n\tat com.company.automation.selenium.SeleniumActions.waitForElementVisible(SeleniumActions.java:99)\r\n\tat com.company.automation.selenium.SeleniumActions.clickElement(SeleniumActions.java:77)\r\n\tat com.company.automation.pages.ShoppingCartPage.removeProductsFromCart(ShoppingCartPage.java:41)\r\n\tat com.company.automation.steps.ShoppingCartPageSteps.userRemoveProductsFromCart(ShoppingCartPageSteps.java:21)\r\n\tat ✽.user remove products from cart(file:///E:/Workspace/SBAFramework/src/test/resources/features/shoppingCart.feature:20)\r\n"},"stage":"finished","steps":[{"name":"Element [ xpath: //div[@data-name='Active Items'//div[@class='sc-item-content-group'//input[@value='Delete'] found successfully","status":"passed","stage":"finished","steps":[],"attachments":[],"parameters":[],"start":1674923767604,"stop":1674923767604},{"name":"Clicked on element [[[ChromeDriver: chrome on WINDOWS (232ef37832133bed06e61956165ff76e)] -> xpath: //div[@data-name='Active Items']//div[@class='sc-item-content-group']//input[@value='Delete']]] successfully","status":"passed","stage":"finished","steps":[],"attachments":[],"parameters":[],"start":1674923767883,"stop":1674923767883}],"attachments":[],"parameters":[],"start":1674923767461,"stop":1674923768035},{"name":"Then  user verify products removed from cart","status":"skipped","statusDetails":{"known":false,"muted":false,"flaky":false},"stage":"finished","steps":[],"attachments":[],"parameters":[],"start":1674923768041,"stop":1674923768043}],"attachments":[],"parameters":[],"start":1674923744886,"stop":1674923768049}